[0mGET / [31m500[0m 152.762 ms - 2232[0m
[0mGET / [32m200[0m 62.267 ms - 2118[0m
[0mGET /users/sign-in [32m200[0m 11.421 ms - 2098[0m
[0mGET /users/sign-up [32m200[0m 55.352 ms - 2254[0m
[0mPOST /users/create [36m302[0m 51.511 ms - 72[0m
[0mGET /users/sign-in [36m304[0m 7.209 ms - -[0m
[0mPOST /users/create-session [36m302[0m 11.321 ms - 46[0m
[0mGET / [32m200[0m 8.498 ms - 2469[0m
[0mGET /users/sign-out [31m500[0m 11.047 ms - 1544[0m
[0mGET /users/sign-out [36m302[0m 96.263 ms - 46[0m
[0mGET / [32m200[0m 21.605 ms - 2118[0m
[0mGET /users/sign-in [36m304[0m 12.948 ms - -[0m
[0mPOST /users/create-session [36m302[0m 8.687 ms - 72[0m
[0mGET /users/sign-in [32m200[0m 9.113 ms - 2390[0m
[0mPOST /users/create-session [36m302[0m 8.794 ms - 72[0m
[0mGET /users/sign-in [36m304[0m 8.511 ms - -[0m
[0mPOST /users/create-session [36m302[0m 7.387 ms - 72[0m
[0mGET /users/sign-in [36m304[0m 6.597 ms - -[0m
[0mGET /users/auth/google [36m302[0m 318.919 ms - 0[0m
[0mGET /users/auth/google/callback?code=4%2F0ARtbsJoRPrg3r57Puhzilkp-8EVp7IwYzzb2zI_h9DENqStj3RNfOoqQAEZmmHQEaFGq-A&scope=email+profile+https%3A%2F%2Fwww.googleapis.com%2Fauth%2Fuserinfo.profile+https%3A%2F%2Fwww.googleapis.com%2Fauth%2Fuserinfo.email+openid&authuser=2&prompt=consent [36m302[0m 2145.321 ms - 46[0m
[0mGET / [32m200[0m 1891.809 ms - 2470[0m
