[0mGET / [32m200[0m 744.736 ms - 2128[0m
[0mGET /users/sign-out [36m302[0m 1159.320 ms - 46[0m
[0mGET / [32m200[0m 1679.544 ms - 2024[0m
[0mGET /users/sign-in [32m200[0m 279.238 ms - 2098[0m
[0mPOST /users/create-session [36m302[0m 542.168 ms - 72[0m
[0mGET /users/sign-in [32m200[0m 295.795 ms - 2390[0m
[0mGET /users/auth/google [36m302[0m 295.914 ms - 0[0m
[0mGET /users/auth/google/callback?code=4%2F0ARtbsJqqgKG_zCgz_-Tpk9pibEAjdIHn9WtUaqn7Mj6F9gkPhbFDWhu-OFSF_RYzHa9A-Q&scope=email+profile+https%3A%2F%2Fwww.googleapis.com%2Fauth%2Fuserinfo.profile+https%3A%2F%2Fwww.googleapis.com%2Fauth%2Fuserinfo.email+openid&authuser=0&prompt=consent [36m302[0m 1920.920 ms - 46[0m
[0mGET / [32m200[0m 548.744 ms - 2127[0m
[0mGET /users/profile [33m404[0m 565.923 ms - 152[0m
[0mGET / [36m304[0m 587.364 ms - -[0m
[0mGET /users/profile [33m404[0m 554.263 ms - 152[0m
[0mGET / [36m304[0m 594.918 ms - -[0m
[0mGET /users/sign-out [36m302[0m 1112.806 ms - 46[0m
[0mGET / [32m200[0m 1687.905 ms - 2024[0m
[0mGET /users/sign-in [32m200[0m 285.946 ms - 2101[0m
[0mGET /users/auth/google [36m302[0m 280.680 ms - 0[0m
[0mGET /users/auth/google/callback?code=4%2F0ARtbsJqeofQ78e4Y1RIumsM-nCZEbZJymsEFuM8zeuP5M84bhoM2VWc7WwQMQXp0eGdsoA&scope=email+profile+https%3A%2F%2Fwww.googleapis.com%2Fauth%2Fuserinfo.profile+https%3A%2F%2Fwww.googleapis.com%2Fauth%2Fuserinfo.email+openid&authuser=0&prompt=consent [36m302[0m 1705.480 ms - 46[0m
[0mGET / [32m200[0m 558.128 ms - 2418[0m
[0mGET /users/profile [33m404[0m 562.709 ms - 152[0m
[0mGET / [32m200[0m 634.333 ms - 2113[0m
[0mGET / [32m200[0m 564.573 ms - 2107[0m
[0mGET / [32m200[0m 565.675 ms - 2084[0m
[0mGET /users/sign-out [36m302[0m 1188.764 ms - 46[0m
[0mGET / [32m200[0m 1772.380 ms - 1994[0m
[0mGET /users/sign-up [32m200[0m 369.195 ms - 2227[0m
[0mPOST /users/create [36m302[0m 296.704 ms - 114[0m
[0mGET /users/sign-up [32m200[0m 293.013 ms - 2516[0m
[0mGET /users/sign-up [36m304[0m 313.403 ms - -[0m
[0mGET /users/sign-up [32m200[0m 278.320 ms - 2518[0m
[0mGET /users/sign-up [36m304[0m 302.790 ms - -[0m
[0mGET /users/sign-in [32m200[0m 279.162 ms - 4442[0m
[0mGET /users/sign-in [32m200[0m 278.687 ms - 4651[0m
[0mGET /users/sign-in [32m200[0m 276.717 ms - 4765[0m
[0mGET /users/sign-in [32m200[0m 279.957 ms - 4586[0m
[0mGET /users/sign-in [32m200[0m 275.981 ms - 4597[0m
[0mGET /users/users/sign-up [33m404[0m 279.482 ms - 158[0m
[0mGET /users/sign-in [32m200[0m 280.612 ms - 4301[0m
[0mGET /sign-up [33m404[0m 276.753 ms - 146[0m
[0mGET /users/sign-in [32m200[0m 273.204 ms - 4408[0m
[0mGET /users/sign-in [32m200[0m 273.433 ms - 4696[0m
[0mPOST /users/create-session [36m302[0m 576.423 ms - 72[0m
[0mGET /users/sign-in [32m200[0m 1668.354 ms - 4697[0m
[0mGET /users/sign-up [32m200[0m 271.863 ms - 2956[0m
[0mPOST /users/create [36m302[0m 562.351 ms - 114[0m
[0mGET /users/sign-up [32m200[0m 272.035 ms - 2972[0m
[0mGET /users/sign-in [32m200[0m 272.954 ms - 4696[0m
[0mPOST /users/create-session [36m302[0m 569.155 ms - 72[0m
[0mGET /users/sign-in [32m200[0m 274.201 ms - 4697[0m
[0mPOST /users/create-session [36m302[0m 560.256 ms - 72[0m
[0mGET /users/sign-in [36m304[0m 271.336 ms - -[0m
[0mGET /users/sign-up [32m200[0m 271.295 ms - 2956[0m
[0mPOST /users/create [36m302[0m 872.832 ms - 72[0m
[0mGET /users/sign-in [32m200[0m 271.839 ms - 4405[0m
[0mPOST /users/create-session [36m302[0m 563.158 ms - 72[0m
[0mGET /users/sign-in [32m200[0m 271.605 ms - 4697[0m
[0mPOST /users/create-session [36m302[0m 562.882 ms - 72[0m
[0mGET /users/sign-in [36m304[0m 275.442 ms - -[0m
[0mGET /users/sign-in [32m200[0m 297.720 ms - 4696[0m
[0mGET /users/auth/google [36m302[0m 1560.968 ms - 0[0m
[0mGET /users/auth/google/callback?code=4%2F0ARtbsJp05hjT392Oa77FQ6IenWGHVHJo2U1amigiQIEStXIOUQspcYnhP0fMeHQmhzkTvg&scope=email+profile+https%3A%2F%2Fwww.googleapis.com%2Fauth%2Fuserinfo.profile+https%3A%2F%2Fwww.googleapis.com%2Fauth%2Fuserinfo.email+openid&authuser=0&prompt=consent [36m302[0m 1768.470 ms - 46[0m
[0mGET / [32m200[0m 1950.138 ms - 2813[0m
[0mGET /users/sign-out [36m302[0m 1134.815 ms - 46[0m
[0mGET / [32m200[0m 316.315 ms - 2432[0m
[0mGET /users/sign-up [32m200[0m 314.800 ms - 2665[0m
[0mGET /users/sign-in [36m304[0m 316.449 ms - -[0m
[0mPOST /users/create-session [36m302[0m 1228.327 ms - 46[0m
[0mGET / [32m200[0m 564.256 ms - 2523[0m
[0mGET /users/sign-out [36m302[0m 1231.968 ms - 46[0m
[0mGET / [32m200[0m 276.051 ms - 2432[0m
[0mGET /users/sign-up [36m304[0m 275.167 ms - -[0m
[0mPOST /users/create [36m302[0m 864.840 ms - 72[0m
[0mGET /users/sign-in [32m200[0m 315.021 ms - 4405[0m
[0mPOST /users/create-session [36m302[0m 1232.552 ms - 46[0m
[0mGET / [32m200[0m 563.624 ms - 2516[0m
[0mGET /users/sign-out [36m302[0m 1227.999 ms - 46[0m
[0mGET / [32m200[0m 275.970 ms - 2432[0m
[0mGET /users/sign-in [32m200[0m 278.053 ms - 4159[0m
[0mGET /users/sign-in [36m304[0m 275.399 ms - -[0m
[0mGET /users/sign-in [36m304[0m 295.887 ms - -[0m
[0mGET /users/sign-in [32m200[0m 276.425 ms - 4247[0m
[0mGET /users/sign-in [36m304[0m 276.081 ms - -[0m
[0mGET /users/sign-in [36m304[0m 277.500 ms - -[0m
[0mGET /users/sign-in [36m304[0m 280.620 ms - -[0m
[0mGET /users/sign-in [36m304[0m 277.730 ms - -[0m
[0mGET / [36m304[0m 275.750 ms - -[0m
[0mGET /users/sign-in [36m304[0m 276.988 ms - -[0m
[0mGET /users/sign-in [36m304[0m 276.842 ms - -[0m
[0mGET /users/sign-in [32m200[0m 277.978 ms - 4246[0m
[0mGET /users/sign-in [36m304[0m 275.325 ms - -[0m
[0mGET /users/sign-in [36m304[0m 278.965 ms - -[0m
[0mGET /users/sign-in [32m200[0m 276.570 ms - 4246[0m
[0mGET /users/sign-in [36m304[0m 276.405 ms - -[0m
[0mGET /users/sign-in [32m200[0m 274.746 ms - 4247[0m
[0mGET /users/sign-in [36m304[0m 277.500 ms - -[0m
[0mGET /users/sign-in [36m304[0m 274.924 ms - -[0m
[0mGET /users/sign-in [36m304[0m 276.433 ms - -[0m
[0mGET /users/sign-in [32m200[0m 276.179 ms - 4246[0m
[0mGET /users/sign-in [32m200[0m 275.455 ms - 4245[0m
[0mGET /users/sign-in [32m200[0m 275.982 ms - 4244[0m
[0mGET /users/sign-in [32m200[0m 276.666 ms - 4245[0m
[0mGET /users/sign-in [32m200[0m 275.444 ms - 4245[0m
[0mGET / [36m304[0m 274.972 ms - -[0m
[0mGET /users/sign-in [36m304[0m 372.440 ms - -[0m
[0mGET /users/sign-in [36m304[0m 296.217 ms - -[0m
[0mGET /users/sign-in [36m304[0m 277.268 ms - -[0m
[0mGET /users/sign-in [36m304[0m 309.113 ms - -[0m
[0mGET /users/sign-in [36m304[0m 274.808 ms - -[0m
[0mGET /users/sign-in [36m304[0m 300.068 ms - -[0m
[0mGET /users/sign-in [36m304[0m 344.053 ms - -[0m
[0mGET /users/sign-in [36m304[0m 278.820 ms - -[0m
[0mGET /users/sign-in [36m304[0m 277.826 ms - -[0m
[0mGET /users/sign-in [32m200[0m 324.033 ms - 4244[0m
[0mGET /users/sign-in [36m304[0m 278.525 ms - -[0m
[0mGET /users/sign-in [36m304[0m 275.240 ms - -[0m
[0mGET /users/sign-in [36m304[0m 276.055 ms - -[0m
[0mGET /users/sign-in [36m304[0m 286.071 ms - -[0m
[0mGET /users/sign-in [32m200[0m 296.414 ms - 4237[0m
[0mGET /users/sign-in [32m200[0m 342.621 ms - 4244[0m
[0mGET /users/sign-in [32m200[0m 334.716 ms - 4243[0m
[0mGET /users/sign-in [36m304[0m 302.830 ms - -[0m
[0mGET /users/sign-up [32m200[0m 276.466 ms - 4871[0m
[0mGET /users/sign-up [32m200[0m 350.995 ms - 4337[0m
[0mGET /users/sign-up [32m200[0m 273.007 ms - 3889[0m
[0mGET /users/sign-up [36m304[0m 270.302 ms - -[0m
[0mGET /users/sign-up [36m304[0m 319.039 ms - -[0m
[0mGET /users/sign-up [32m200[0m 269.055 ms - 3975[0m
[0mGET /users/sign-up [36m304[0m 269.620 ms - -[0m
[0mGET /users/sign-up [36m304[0m 327.022 ms - -[0m
[0mGET /users/sign-up [32m200[0m 272.388 ms - 4003[0m
[0mGET /users/sign-up [36m304[0m 327.818 ms - -[0m
[0mGET /users/sign-up [36m304[0m 277.820 ms - -[0m
[0mGET /users/sign-up [32m200[0m 296.681 ms - 4024[0m
[0mGET /users/sign-up [36m304[0m 279.433 ms - -[0m
[0mGET /users/sign-up [36m304[0m 359.384 ms - -[0m
[0mGET /users/sign-up [36m304[0m 329.832 ms - -[0m
[0mGET /users/sign-in [32m200[0m 322.274 ms - 4535[0m
[0mGET /users/sign-up [32m200[0m 375.642 ms - 3733[0m
[0mGET /users/sign-in [32m200[0m 391.915 ms - 4244[0m
[0mGET /users/sign-in [32m200[0m 403.127 ms - 2510[0m
[0mGET /users/sign-in [32m200[0m 327.256 ms - 4074[0m
[0mGET /users/sign-in [32m200[0m 340.064 ms - 3739[0m
[0mGET /users/sign-in [36m304[0m 377.056 ms - -[0m
[0mGET /users/sign-in [32m200[0m 394.830 ms - 3742[0m
[0mGET /users/sign-in [36m304[0m 386.988 ms - -[0m
[0mGET /users/sign-in [32m200[0m 360.844 ms - 3739[0m
[0mPOST /users/create-session [36m302[0m 601.837 ms - 72[0m
[0mGET /users/sign-in [32m200[0m 1894.089 ms - 4031[0m
[0mPOST /users/create-session [36m302[0m 1249.164 ms - 46[0m
[0mGET / [32m200[0m 633.800 ms - 2807[0m
[0mGET /users/sign-out [36m302[0m 1259.179 ms - 46[0m
[0mGET / [32m200[0m 300.032 ms - 2432[0m
[0mGET /users/sign-in [32m200[0m 331.902 ms - 3739[0m
[0mGET /users/sign-in [32m200[0m 293.484 ms - 3738[0m
[0mGET / [32m200[0m 293.002 ms - 2445[0m
[0mGET /css/bg-image.jpg [33m404[0m 371.733 ms - 155[0m
[0mGET / [36m304[0m 313.509 ms - -[0m
[0mGET / [36m304[0m 280.099 ms - -[0m
[0mGET / [36m304[0m 334.223 ms - -[0m
[0mGET / [36m304[0m 289.769 ms - -[0m
[0mGET / [36m304[0m 291.314 ms - -[0m
[0mGET / [36m304[0m 310.176 ms - -[0m
[0mGET / [36m304[0m 377.621 ms - -[0m
[0mGET / [36m304[0m 326.394 ms - -[0m
[0mGET /users/sign-in [36m304[0m 305.254 ms - -[0m
[0mGET /users/sign-up [36m304[0m 329.325 ms - -[0m
[0mGET / [36m304[0m 351.080 ms - -[0m
[0mGET / [32m200[0m 291.242 ms - 2495[0m
[0mGET / [32m200[0m 391.048 ms - 2476[0m
[0mGET / [36m304[0m 298.814 ms - -[0m
[0mGET / [36m304[0m 296.508 ms - -[0m
[0mGET / [36m304[0m 340.746 ms - -[0m
[0mGET / [36m304[0m 314.306 ms - -[0m
[0mGET / [32m200[0m 313.426 ms - 2532[0m
[0mGET / [36m304[0m 290.300 ms - -[0m
[0mGET /users/sign-in [36m304[0m 293.882 ms - -[0m
[0mPOST /users/create-session [36m302[0m 614.492 ms - 72[0m
[0mGET /users/sign-in [32m200[0m 304.859 ms - 4030[0m
[0mPOST /users/create-session [36m302[0m 1271.820 ms - 46[0m
[0mGET / [32m200[0m 590.232 ms - 2907[0m
[0mGET / [31m500[0m 659.122 ms - 1649[0m
[0mGET / [32m200[0m 662.352 ms - 2506[0m
[0mGET / [32m200[0m 633.940 ms - 2531[0m
[0mGET / [32m200[0m 658.017 ms - 2555[0m
[0mGET /users/sign-out [36m302[0m 1318.287 ms - 46[0m
[0mGET / [32m200[0m 303.237 ms - 2523[0m
[0mGET /users/sign-in [32m200[0m 349.673 ms - 3738[0m
[0mGET / [36m304[0m 371.663 ms - -[0m
[0mGET /users/sign-in [32m200[0m 393.131 ms - 3742[0m
[0mGET /users/auth/google [36m302[0m 322.149 ms - 0[0m
[0mGET /users/auth/google/callback?code=4%2F0ARtbsJoVZ4X_mrQtwK2as0ZJjgJfXBnuJua2Rx-psSZodp9FK8Gc8ATitxOl5J3i2YSRHw&scope=email+profile+https%3A%2F%2Fwww.googleapis.com%2Fauth%2Fuserinfo.profile+https%3A%2F%2Fwww.googleapis.com%2Fauth%2Fuserinfo.email+openid&authuser=0&prompt=consent [36m302[0m 2048.699 ms - 46[0m
[0mGET / [32m200[0m 2244.956 ms - 2858[0m
[0mGET /auth/ [31m500[0m 609.122 ms - 1594[0m
[0mGET /auth/ [31m500[0m 4045.433 ms - 1594[0m
[0mGET / [32m200[0m 670.350 ms - 2567[0m
[0mGET /auth/ [31m500[0m 610.688 ms - 1594[0m
[0mGET /auth/ [31m500[0m 600.340 ms - 1594[0m
[0mGET / [36m304[0m 648.120 ms - -[0m
[0mGET /auth/ [31m500[0m 625.896 ms - 1594[0m
[0mGET /auth/ [31m500[0m 681.103 ms - 1594[0m
[0mGET / [36m304[0m 2205.760 ms - -[0m
[0mGET /auth/ [31m500[0m 576.306 ms - 1594[0m
[0mGET / [36m304[0m 626.024 ms - -[0m
[0mGET /auth/ [31m500[0m 696.330 ms - 1594[0m
[0mGET /auth/ [33m404[0m 606.330 ms - 144[0m
[0mGET / [32m200[0m 858.146 ms - 2573[0m
[0mGET /auth/verify [31m500[0m 616.000 ms - 1588[0m
[0mGET / [36m304[0m 696.019 ms - -[0m
[0mGET /auth/verify [31m500[0m 642.010 ms - 1588[0m
[0mGET / [36m304[0m 637.504 ms - -[0m
[0mGET /auth/verify [31m500[0m 668.585 ms - 1590[0m
[0mGET /auth/verify [31m500[0m 2155.589 ms - 1590[0m
[0mGET /auth/verify [31m500[0m 2298.494 ms - 1637[0m
[0mGET /users/auth/google [36m302[0m 806.957 ms - 0[0m
[0mGET /users/sign-in [36m302[0m 614.990 ms - 46[0m
[0mGET / [36m304[0m 3024.429 ms - -[0m
[0mGET /auth/verify [31m500[0m 612.051 ms - 1590[0m
[0mGET /users/sign-out [36m302[0m 1174.959 ms - 46[0m
[0mGET / [32m200[0m 1828.401 ms - 2523[0m
[0mGET /users/sign-in [32m200[0m 333.761 ms - 3748[0m
[0mGET /auth/verify [31m500[0m 310.137 ms - 1590[0m
[0mGET /auth/verify [32m200[0m 303.733 ms - 2498[0m
[0mPOST /auth/verify-email [33m404[0m 357.475 ms - 157[0m
[0mPOST /auth/verify-email [33m404[0m 282.166 ms - 157[0m
[0mPOST /auth/verify-email [33m404[0m 280.238 ms - 157[0m
[0mGET /auth/verify [36m304[0m 286.362 ms - -[0m
[0mPOST /auth/verify-email [33m404[0m 274.379 ms - 157[0m
[0mGET /auth/verify [32m200[0m 943.302 ms - 2498[0m
[0mPOST /auth/verify_email [32m200[0m 932.585 ms - 2477[0m
[0mGET / [36m304[0m 316.180 ms - -[0m
[0mGET /users/sign-in [36m304[0m 287.609 ms - -[0m
[0mGET /auth/verify [36m304[0m 293.571 ms - -[0m
[0mPOST /auth/verify_email [32m200[0m 938.005 ms - 2477[0m
[0mGET / [36m304[0m 1126.940 ms - -[0m
[0mGET /users/sign-in [36m304[0m 306.944 ms - -[0m
[0mGET /auth/verify [36m304[0m 310.655 ms - -[0m
[0mPOST /auth/verify_email [32m200[0m 943.389 ms - 2477[0m
[0mGET /users/sign-in [36m304[0m 2166.369 ms - -[0m
[0mGET /auth/verify [36m304[0m 301.534 ms - -[0m
[0mPOST /auth/verify_email [32m200[0m 941.261 ms - 2477[0m
[0mGET /users/sign-in [36m304[0m 310.095 ms - -[0m
[0mGET /auth/verify [36m304[0m 287.354 ms - -[0m
[0mPOST /auth/verify_email [32m200[0m 879.254 ms - 2477[0m
[0mGET /users/sign-in [36m304[0m 299.337 ms - -[0m
[0mGET /auth/verify [36m304[0m 280.359 ms - -[0m
[0mPOST /auth/verify_email [32m200[0m 921.779 ms - 2477[0m
[0mGET /users/sign-in [36m304[0m 334.004 ms - -[0m
[0mGET /auth/verify [36m304[0m 309.111 ms - -[0m
[0mPOST /auth/verify_email [32m200[0m 940.786 ms - 2477[0m
[0mGET / [36m304[0m 310.470 ms - -[0m
[0mGET /users/sign-in [36m304[0m 285.390 ms - -[0m
[0mGET /auth/verify [36m304[0m 288.848 ms - -[0m
[0mPOST /auth/verify_email [32m200[0m 897.399 ms - 2477[0m
[0mGET /users/sign-in [36m304[0m 305.810 ms - -[0m
[0mGET /auth/verify [36m304[0m 283.477 ms - -[0m
[0mPOST /auth/verify_email [32m200[0m 909.485 ms - 2477[0m
[0mGET /auth/reset-password?accessToken=63f94f4311e77b379df2da37584bc6e9870386be [32m200[0m 582.041 ms - 2713[0m
[0mPOST /auth/reset?accessToken=63f94f4311e77b379df2da37584bc6e9870386be [36m302[0m 936.546 ms - 72[0m
[0mGET /users/sign-in [32m200[0m 1740.217 ms - 4033[0m
[0mPOST /users/create-session [36m302[0m 1141.202 ms - 46[0m
[0mGET / [32m200[0m 577.155 ms - 2864[0m
[0mGET /auth/verify [32m200[0m 584.814 ms - 2481[0m
[0mGET /auth/verify [32m200[0m 3493.655 ms - 2684[0m
[0mGET /auth/verify [32m200[0m 564.454 ms - 2741[0m
[0mPOST /auth/verify_email [32m200[0m 1167.576 ms - 2460[0m
[0mGET /auth/verify [32m200[0m 563.433 ms - 2659[0m
[0mGET /auth/verify [32m200[0m 563.882 ms - 2705[0m
[0mGET /auth/reset-password?accessToken=f8b8372b2c1c3c928ebf9091243a29a6f7d21538 [32m200[0m 836.290 ms - 2696[0m
[0mGET /auth/reset-password?accessToken=f8b8372b2c1c3c928ebf9091243a29a6f7d21538 [32m200[0m 834.723 ms - 2910[0m
[0mGET /auth/reset-password?accessToken=f8b8372b2c1c3c928ebf9091243a29a6f7d21538 [32m200[0m 835.127 ms - 3042[0m
[0mGET /users/sign-out [36m302[0m 1151.053 ms - 46[0m
[0mGET / [32m200[0m 1861.669 ms - 2523[0m
[0mGET /users/sign-in [32m200[0m 296.654 ms - 3748[0m
[0mGET /auth/verify [32m200[0m 300.634 ms - 2722[0m
[0mPOST /auth/verify_email [32m200[0m 846.830 ms - 2591[0m
[0mPOST /auth/verify_email [32m200[0m 839.159 ms - 2564[0m
